<?xml version="1.0" encoding="UTF-8"?>
<testng-results skipped="0" failed="0" ignored="0" total="1" passed="1">
  <reporter-output>
  </reporter-output>
  <suite name="Default suite" duration-ms="15163" started-at="2019-08-24T23:38:24Z" finished-at="2019-08-24T23:38:39Z">
    <groups>
    </groups>
    <test name="Default test" duration-ms="15163" started-at="2019-08-24T23:38:24Z" finished-at="2019-08-24T23:38:39Z">
      <class name="Selenium_Training.ScrollDownAndUp">
        <test-method status="PASS" signature="setUp()[pri:0, instance:Selenium_Training.ScrollDownAndUp@1758f2a]" name="setUp" duration-ms="15057" started-at="2019-08-24T23:38:24Z" finished-at="2019-08-24T23:38:39Z">
          <reporter-output>
          </reporter-output>
        </test-method> <!-- setUp -->
      </class> <!-- Selenium_Training.ScrollDownAndUp -->
    </test> <!-- Default test -->
  </suite> <!-- Default suite -->
</testng-results>
